11:16:51 **** Build of configuration Debug for project server_conn ****
make all 
Building file: ../src/SocketServer.cpp
Invoking: Cross G++ Compiler
g++ -O0 -g3 -Wall -c -fmessage-length=0 -MMD -MP -MF"src/SocketServer.d" -MT"src/SocketServer.o" -o "src/SocketServer.o" "../src/SocketServer.cpp"
Finished building: ../src/SocketServer.cpp
 
Building file: ../src/data_import_file.cpp
Invoking: Cross G++ Compiler
g++ -O0 -g3 -Wall -c -fmessage-length=0 -MMD -MP -MF"src/data_import_file.d" -MT"src/data_import_file.o" -o "src/data_import_file.o" "../src/data_import_file.cpp"
Finished building: ../src/data_import_file.cpp
 
Building file: ../src/server_main.cpp
Invoking: Cross G++ Compiler
g++ -O0 -g3 -Wall -c -fmessage-length=0 -MMD -MP -MF"src/server_main.d" -MT"src/server_main.o" -o "src/server_main.o" "../src/server_main.cpp"
Finished building: ../src/server_main.cpp
 
Building target: server_conn
Invoking: Cross G++ Linker
g++  -o "server_conn"  ./src/SocketServer.o ./src/data_import_file.o ./src/server_main.o   
Finished building target: server_conn
 
11:21:30 **** Incremental Build of configuration Debug for project keypad_interface ****
make all 
make: Nothing to be done for 'all'.
11:21:32 **** Incremental Build of configuration Debug for project server_conn ****
make all 
Building file: ../src/server_main.cpp
Invoking: Cross G++ Compiler
g++ -O0 -g3 -Wall -c -fmessage-length=0 -MMD -MP -MF"src/server_main.d" -MT"src/server_main.o" -o "src/server_main.o" "../src/server_main.cpp"
Finished building: ../src/server_main.cpp
 
Building target: server_conn
Invoking: Cross G++ Linker
g++  -o "server_conn"  ./src/SocketServer.o ./src/data_import_file.o ./src/server_main.o   
Finished building target: server_conn
 
11:23:00 **** Incremental Build of configuration Debug for project keypad_interface ****
make all 
make: Nothing to be done for 'all'.
11:23:01 **** Incremental Build of configuration Debug for project server_conn ****
make all 
Building file: ../src/server_main.cpp
Invoking: Cross G++ Compiler
g++ -O0 -g3 -Wall -c -fmessage-length=0 -MMD -MP -MF"src/server_main.d" -MT"src/server_main.o" -o "src/server_main.o" "../src/server_main.cpp"
Finished building: ../src/server_main.cpp
 
Building target: server_conn
Invoking: Cross G++ Linker
g++  -o "server_conn"  ./src/SocketServer.o ./src/data_import_file.o ./src/server_main.o   
Finished building target: server_conn
 
11:29:20 **** Incremental Build of configuration Debug for project keypad_interface ****
make all 
make: Nothing to be done for 'all'.
11:29:20 **** Incremental Build of configuration Debug for project server_conn ****
make all 
make: Nothing to be done for 'all'.
11:30:00 **** Incremental Build of configuration Debug for project keypad_interface ****
make all 
make: Nothing to be done for 'all'.
11:30:00 **** Incremental Build of configuration Debug for project server_conn ****
make all 
Building file: ../src/server_main.cpp
Invoking: Cross G++ Compiler
g++ -O0 -g3 -Wall -c -fmessage-length=0 -MMD -MP -MF"src/server_main.d" -MT"src/server_main.o" -o "src/server_main.o" "../src/server_main.cpp"
Finished building: ../src/server_main.cpp
 
Building target: server_conn
Invoking: Cross G++ Linker
g++  -o "server_conn"  ./src/SocketServer.o ./src/data_import_file.o ./src/server_main.o   
Finished building target: server_conn
 
11:37:37 **** Incremental Build of configuration Debug for project keypad_interface ****
make all 
make: Nothing to be done for 'all'.
11:37:38 **** Incremental Build of configuration Debug for project server_conn ****
make all 
Building file: ../src/server_main.cpp
Invoking: Cross G++ Compiler
g++ -O0 -g3 -Wall -c -fmessage-length=0 -MMD -MP -MF"src/server_main.d" -MT"src/server_main.o" -o "src/server_main.o" "../src/server_main.cpp"
Finished building: ../src/server_main.cpp
 
Building target: server_conn
Invoking: Cross G++ Linker
g++  -o "server_conn"  ./src/SocketServer.o ./src/data_import_file.o ./src/server_main.o   
Finished building target: server_conn
 
